\BOOKMARK [0][-]{section*.1}{\315ndice general}{}% 1
\BOOKMARK [0][-]{section*.2}{\315ndice de figuras}{}% 2
\BOOKMARK [0][-]{section*.3}{\315ndice de tablas}{}% 3
\BOOKMARK [0][-]{chapter*.4}{Introducci\363n}{}% 4
\BOOKMARK [0][-]{chapter*.5}{Objetivos del proyecto}{}% 5
\BOOKMARK [0][-]{chapter*.6}{Conceptos te\363ricos}{}% 6
\BOOKMARK [1][-]{section.3.1}{Realidad aumentada}{chapter*.6}% 7
\BOOKMARK [1][-]{section.3.2}{Herramientas AR}{chapter*.6}% 8
\BOOKMARK [1][-]{section.3.3}{Tecnicas AR}{chapter*.6}% 9
\BOOKMARK [1][-]{section.3.4}{Secciones}{chapter*.6}% 10
\BOOKMARK [1][-]{section.3.5}{Referencias}{chapter*.6}% 11
\BOOKMARK [1][-]{section.3.6}{Im\341genes}{chapter*.6}% 12
\BOOKMARK [1][-]{section.3.7}{Listas de items}{chapter*.6}% 13
\BOOKMARK [1][-]{section.3.8}{Tablas}{chapter*.6}% 14
\BOOKMARK [0][-]{chapter*.24}{T\351cnicas y herramientas}{}% 15
\BOOKMARK [1][-]{section.4.1}{T\351cnicas de desarrollo}{chapter*.24}% 16
\BOOKMARK [1][-]{section.4.2}{Herramientas de documentaci\363n}{chapter*.24}% 17
\BOOKMARK [1][-]{section.4.3}{Herramientas de gesti\363n}{chapter*.24}% 18
\BOOKMARK [1][-]{section.4.4}{Herramientas de desarrollo}{chapter*.24}% 19
\BOOKMARK [0][-]{chapter*.29}{Aspectos relevantes del desarrollo del proyecto}{}% 20
\BOOKMARK [0][-]{chapter*.30}{Trabajos relacionados}{}% 21
\BOOKMARK [0][-]{chapter*.31}{Conclusiones y L\355neas de trabajo futuras}{}% 22
\BOOKMARK [0][-]{chapter*.32}{Bibliograf\355a}{}% 23
